<?xml version="1.0" encoding="UTF-8"?>
<testsuite name="ExifExtractorTest" tests="9" skipped="0" failures="0" errors="0" timestamp="2020-06-12T06:36:58" hostname="DESKTOP-QHSLDBO" time="4.057">
  <properties/>
  <testcase name="testExtractDeviceModel" classname="ExifExtractorTest" time="0.49"/>
  <testcase name="testExtractFocalLength" classname="ExifExtractorTest" time="0.453"/>
  <testcase name="testExtractDeviceMake" classname="ExifExtractorTest" time="0.437"/>
  <testcase name="testExtractShutterSpeed" classname="ExifExtractorTest" time="0.446"/>
  <testcase name="testExtractIso" classname="ExifExtractorTest" time="0.444"/>
  <testcase name="testExtractAperture" classname="ExifExtractorTest" time="0.46"/>
  <testcase name="testExtractFlashStatus" classname="ExifExtractorTest" time="0.455"/>
  <testcase name="testExtractLens" classname="ExifExtractorTest" time="0.45"/>
  <testcase name="testExtractDateTime" classname="ExifExtractorTest" time="0.421"/>
  <system-out><![CDATA[]]></system-out>
  <system-err><![CDATA[]]></system-err>
</testsuite>
